[debug] [2024-03-18T21:00:03.729Z] ----------------------------------------------------------------------
[debug] [2024-03-18T21:00:03.731Z] Command:       /opt/homebrew/Cellar/node/21.7.1/bin/node /opt/homebrew/bin/firebase init
[debug] [2024-03-18T21:00:03.732Z] CLI Version:   13.5.1
[debug] [2024-03-18T21:00:03.732Z] Platform:      darwin
[debug] [2024-03-18T21:00:03.732Z] Node Version:  v21.7.1
[debug] [2024-03-18T21:00:03.733Z] Time:          Mon Mar 18 2024 21:00:03 GMT+0000 (Greenwich Mean Time)
[debug] [2024-03-18T21:00:03.733Z] ----------------------------------------------------------------------
[debug] 
[debug] [2024-03-18T21:00:03.739Z] > command requires scopes: ["email","openid","https://www.googleapis.com/auth/cloudplatformprojects.readonly","https://www.googleapis.com/auth/firebase","https://www.googleapis.com/auth/cloud-platform"]
[debug] [2024-03-18T21:00:03.739Z] > authorizing via signed-in user (peacefilltawiah123@gmail.com)
[info] 
     ######## #### ########  ######## ########     ###     ######  ########
     ##        ##  ##     ## ##       ##     ##  ##   ##  ##       ##
     ######    ##  ########  ######   ########  #########  ######  ######
     ##        ##  ##    ##  ##       ##     ## ##     ##       ## ##
     ##       #### ##     ## ######## ########  ##     ##  ######  ########

You're about to initialize a Firebase project in this directory:

  /Users/mac/Documents/career__connect

[info] 
=== Project Setup
[info] 
[info] First, let's associate this project directory with a Firebase project.
[info] You can create multiple project aliases by running firebase use --add, 
[info] but for now we'll just set up a default project.
[info] 
[debug] [2024-03-18T21:02:09.587Z] >>> [apiv2][query] GET https://firebase.googleapis.com/v1beta1/availableProjects pageSize=100
[debug] [2024-03-18T21:02:10.601Z] <<< [apiv2][status] GET https://firebase.googleapis.com/v1beta1/availableProjects 200
[debug] [2024-03-18T21:02:10.601Z] <<< [apiv2][body] GET https://firebase.googleapis.com/v1beta1/availableProjects [omitted]
[debug] [2024-03-18T21:39:25.083Z] ----------------------------------------------------------------------
[debug] [2024-03-18T21:39:25.087Z] Command:       /opt/homebrew/Cellar/node/21.7.1/bin/node /opt/homebrew/bin/firebase init
[debug] [2024-03-18T21:39:25.087Z] CLI Version:   13.5.1
[debug] [2024-03-18T21:39:25.087Z] Platform:      darwin
[debug] [2024-03-18T21:39:25.087Z] Node Version:  v21.7.1
[debug] [2024-03-18T21:39:25.088Z] Time:          Mon Mar 18 2024 21:39:25 GMT+0000 (Greenwich Mean Time)
[debug] [2024-03-18T21:39:25.088Z] ----------------------------------------------------------------------
[debug] 
[debug] [2024-03-18T21:39:25.096Z] > command requires scopes: ["email","openid","https://www.googleapis.com/auth/cloudplatformprojects.readonly","https://www.googleapis.com/auth/firebase","https://www.googleapis.com/auth/cloud-platform"]
[debug] [2024-03-18T21:39:25.097Z] > authorizing via signed-in user (peacefilltawiah123@gmail.com)
[info] 
     ######## #### ########  ######## ########     ###     ######  ########
     ##        ##  ##     ## ##       ##     ##  ##   ##  ##       ##
     ######    ##  ########  ######   ########  #########  ######  ######
     ##        ##  ##    ##  ##       ##     ## ##     ##       ## ##
     ##       #### ##     ## ######## ########  ##     ##  ######  ########

You're about to initialize a Firebase project in this directory:

  /Users/mac/Documents/career__connect

[info] 
=== Project Setup
[info] 
[info] First, let's associate this project directory with a Firebase project.
[info] You can create multiple project aliases by running firebase use --add, 
[info] but for now we'll just set up a default project.
[info] 
[debug] [2024-03-18T21:39:38.468Z] >>> [apiv2][query] GET https://firebase.googleapis.com/v1beta1/availableProjects pageSize=100
[debug] [2024-03-18T21:39:39.604Z] <<< [apiv2][status] GET https://firebase.googleapis.com/v1beta1/availableProjects 200
[debug] [2024-03-18T21:39:39.604Z] <<< [apiv2][body] GET https://firebase.googleapis.com/v1beta1/availableProjects [omitted]
